{"/home/melake/Documents/project_repos/my_opensources/React/react-modular-boilerplate/src/components/buttons/ToggleButton.tsx": {"path":"/home/melake/Documents/project_repos/my_opensources/React/react-modular-boilerplate/src/components/buttons/ToggleButton.tsx","statementMap":{"0":{"start":{"line":1,"column":0},"end":{"line":1,"column":39}},"1":{"start":{"line":5,"column":21},"end":{"line":12,"column":1}},"2":{"start":{"line":6,"column":24},"end":{"line":6,"column":39}},"3":{"start":{"line":7,"column":2},"end":{"line":11,"column":null}},"4":{"start":{"line":8,"column":27},"end":{"line":8,"column":37}},"5":{"start":{"line":14,"column":0},"end":{"line":14,"column":null}}},"fnMap":{"0":{"name":"(anonymous_0)","decl":{"start":{"line":5,"column":21},"end":{"line":5,"column":22}},"loc":{"start":{"line":5,"column":38},"end":{"line":12,"column":1}}},"1":{"name":"(anonymous_1)","decl":{"start":{"line":8,"column":21},"end":{"line":8,"column":24}},"loc":{"start":{"line":8,"column":27},"end":{"line":8,"column":37}}}},"branchMap":{"0":{"loc":{"start":{"line":9,"column":9},"end":{"line":9,"column":24}},"type":"cond-expr","locations":[{"start":{"line":9,"column":13},"end":{"line":9,"column":17}},{"start":{"line":9,"column":19},"end":{"line":9,"column":24}}]}},"s":{"0":1,"1":1,"2":3,"3":3,"4":1,"5":1},"f":{"0":3,"1":1},"b":{"0":[1,2]}}
,"/home/melake/Documents/project_repos/my_opensources/React/react-modular-boilerplate/src/services/calculator.service.ts": {"path":"/home/melake/Documents/project_repos/my_opensources/React/react-modular-boilerplate/src/services/calculator.service.ts","statementMap":{"0":{"start":{"line":2,"column":19},"end":{"line":4,"column":1}},"1":{"start":{"line":3,"column":4},"end":{"line":3,"column":23}},"2":{"start":{"line":2,"column":13},"end":{"line":2,"column":19}}},"fnMap":{"0":{"name":"(anonymous_0)","decl":{"start":{"line":2,"column":19},"end":{"line":2,"column":28}},"loc":{"start":{"line":2,"column":54},"end":{"line":4,"column":1}}}},"branchMap":{},"s":{"0":1,"1":2,"2":1},"f":{"0":2},"b":{}}
}
